Using dataset bbc
Multinomial Naive Bayes with TF-SLF:
----------------------------------------
f1: 0.9709
accuracy: 0.9708
precision: 0.9724
recall: 0.9708
Using dataset bbc
Random Forest with TF-SLF:
----------------------------------------
f1: 0.9550
accuracy: 0.9551
precision: 0.9568
recall: 0.9551
Using dataset bbc
Linear Support Vector with TF-SLF:
----------------------------------------
f1: 0.9820
accuracy: 0.9820
precision: 0.9822
recall: 0.9820
Using dataset bbc
K-Nearest Neighbors with TF-SLF:
----------------------------------------
f1: 0.9373
accuracy: 0.9371
precision: 0.9407
recall: 0.9371
Using dataset bbc
Nearest Centroid with TF-SLF:
----------------------------------------
f1: 0.9755
accuracy: 0.9753
precision: 0.9772
recall: 0.9753
